<?xml version="1.0" encoding="UTF-8"?>
<testng-results skipped="0" failed="0" ignored="0" total="1" passed="1">
  <reporter-output>
  </reporter-output>
  <suite name="Default suite" duration-ms="54356" started-at="2018-12-02T19:35:21Z" finished-at="2018-12-02T19:36:15Z">
    <groups>
    </groups>
    <test name="Default test" duration-ms="54356" started-at="2018-12-02T19:35:21Z" finished-at="2018-12-02T19:36:15Z">
      <class name="test.DesafioTest">
        <test-method status="PASS" signature="beforeTest()[pri:0, instance:test.DesafioTest@4501b7af]" name="beforeTest" is-config="true" duration-ms="14627" started-at="2018-12-02T19:35:21Z" finished-at="2018-12-02T19:35:36Z">
          <reporter-output>
          </reporter-output>
        </test-method> <!-- beforeTest -->
        <test-method status="PASS" signature="test()[pri:0, instance:test.DesafioTest@4501b7af]" name="test" duration-ms="39629" started-at="2018-12-02T19:35:36Z" finished-at="2018-12-02T19:36:15Z">
          <reporter-output>
          </reporter-output>
        </test-method> <!-- test -->
        <test-method status="PASS" signature="afterTest()[pri:0, instance:test.DesafioTest@4501b7af]" name="afterTest" is-config="true" duration-ms="76" started-at="2018-12-02T19:36:15Z" finished-at="2018-12-02T19:36:15Z">
          <reporter-output>
          </reporter-output>
        </test-method> <!-- afterTest -->
      </class> <!-- test.DesafioTest -->
    </test> <!-- Default test -->
  </suite> <!-- Default suite -->
</testng-results>
